0 verbose cli /usr/local/bin/node /usr/local/bin/npm
1 info using npm@9.5.1
2 info using node@v18.16.1
3 timing npm:load:whichnode Completed in 1ms
4 timing config:load:defaults Completed in 1ms
5 timing config:load:file:/usr/local/lib/node_modules/npm/npmrc Completed in 0ms
6 timing config:load:builtin Completed in 1ms
7 timing config:load:cli Completed in 1ms
8 timing config:load:env Completed in 0ms
9 timing config:load:file:/Users/Sabri/Library/Caches/typescript/5.2/.npmrc Completed in 0ms
10 timing config:load:project Completed in 1ms
11 timing config:load:file:/Users/Sabri/.npmrc Completed in 0ms
12 timing config:load:user Completed in 0ms
13 timing config:load:file:/usr/local/etc/npmrc Completed in 0ms
14 timing config:load:global Completed in 0ms
15 timing config:load:setEnvs Completed in 1ms
16 timing config:load Completed in 5ms
17 timing npm:load:configload Completed in 5ms
18 timing npm:load:mkdirpcache Completed in 0ms
19 timing npm:load:mkdirplogs Completed in 0ms
20 verbose title npm install @types/bcrypt@ts5.2 @types/cors@ts5.2 @types/express@ts5.2 @types/jsonwebtoken@ts5.2 @types/multer@ts5.2 @types/swagger-ui-express@ts5.2 @types/yamljs@ts5.2 @types/nodemon@ts5.2 @types/lodash@ts5.2 @types/merge-descriptors@ts5.2 @types/nopt@ts5.2 @types/npmlog@ts5.2 @types/object-assign@ts5.2 @types/on-finished@ts5.2 @types/serve-static@ts5.2 @types/swagger-ui-dist@ts5.2 @types/type-is@ts5.2 @types/vary@ts5.2 @types/xtend@ts5.2 @types/body-parser@ts5.2 @types/busboy@ts5.2 @types/concat-stream@ts5.2 @types/jws@ts5.2
21 verbose argv "install" "--ignore-scripts" "@types/bcrypt@ts5.2" "@types/cors@ts5.2" "@types/express@ts5.2" "@types/jsonwebtoken@ts5.2" "@types/multer@ts5.2" "@types/swagger-ui-express@ts5.2" "@types/yamljs@ts5.2" "@types/nodemon@ts5.2" "@types/lodash@ts5.2" "@types/merge-descriptors@ts5.2" "@types/nopt@ts5.2" "@types/npmlog@ts5.2" "@types/object-assign@ts5.2" "@types/on-finished@ts5.2" "@types/serve-static@ts5.2" "@types/swagger-ui-dist@ts5.2" "@types/type-is@ts5.2" "@types/vary@ts5.2" "@types/xtend@ts5.2" "@types/body-parser@ts5.2" "@types/busboy@ts5.2" "@types/concat-stream@ts5.2" "@types/jws@ts5.2" "--save-dev" "--user-agent" "typesInstaller/5.2.2"
22 timing npm:load:setTitle Completed in 9ms
23 timing config:load:flatten Completed in 2ms
24 timing npm:load:display Completed in 2ms
25 verbose logfile logs-max:10 dir:/Users/Sabri/.npm/_logs/2023-09-14T20_48_18_601Z-
26 verbose logfile /Users/Sabri/.npm/_logs/2023-09-14T20_48_18_601Z-debug-0.log
27 timing npm:load:logFile Completed in 4ms
28 timing npm:load:timers Completed in 0ms
29 timing npm:load:configScope Completed in 0ms
30 timing npm:load Completed in 22ms
31 timing arborist:ctor Completed in 0ms
32 silly logfile start cleaning logs, removing 1 files
33 silly logfile done cleaning log files
34 timing idealTree:init Completed in 12ms
35 timing arborist:ctor Completed in 0ms
36 http fetch GET 200 https://registry.npmjs.org/@types%2fon-finished 180ms (cache revalidated)
37 http fetch GET 200 https://registry.npmjs.org/@types%2ftype-is 183ms (cache revalidated)
38 http fetch GET 200 https://registry.npmjs.org/@types%2fexpress 188ms (cache revalidated)
39 http fetch GET 200 https://registry.npmjs.org/@types%2fobject-assign 187ms (cache revalidated)
40 http fetch GET 200 https://registry.npmjs.org/@types%2fmulter 192ms (cache revalidated)
41 http fetch GET 200 https://registry.npmjs.org/@types%2flodash 192ms (cache revalidated)
42 http fetch GET 200 https://registry.npmjs.org/@types%2fjsonwebtoken 197ms (cache revalidated)
43 http fetch GET 200 https://registry.npmjs.org/@types%2fvary 226ms (cache revalidated)
44 http fetch GET 200 https://registry.npmjs.org/@types%2fserve-static 227ms (cache revalidated)
45 http fetch GET 200 https://registry.npmjs.org/@types%2fbody-parser 226ms (cache revalidated)
46 http fetch GET 200 https://registry.npmjs.org/@types%2fcors 237ms (cache revalidated)
47 http fetch GET 200 https://registry.npmjs.org/@types%2fnpmlog 270ms (cache revalidated)
48 http fetch GET 200 https://registry.npmjs.org/@types%2fnodemon 1197ms (cache revalidated)
49 http fetch GET 200 https://registry.npmjs.org/@types%2fbcrypt 1200ms (cache revalidated)
50 http fetch GET 200 https://registry.npmjs.org/@types%2fconcat-stream 1197ms (cache revalidated)
51 http fetch GET 200 https://registry.npmjs.org/@types%2fswagger-ui-dist 1568ms (cache revalidated)
52 http fetch GET 200 https://registry.npmjs.org/@types%2fmerge-descriptors 1593ms (cache revalidated)
53 http fetch GET 200 https://registry.npmjs.org/@types%2fyamljs 1595ms (cache revalidated)
54 http fetch GET 200 https://registry.npmjs.org/@types%2fxtend 1595ms (cache revalidated)
55 http fetch GET 200 https://registry.npmjs.org/@types%2fjws 1598ms (cache revalidated)
56 http fetch GET 200 https://registry.npmjs.org/@types%2fnopt 1600ms (cache revalidated)
57 http fetch GET 200 https://registry.npmjs.org/@types%2fbusboy 1605ms (cache revalidated)
58 http fetch GET 200 https://registry.npmjs.org/@types%2fswagger-ui-express 1653ms (cache revalidated)
59 timing idealTree:userRequests Completed in 1659ms
60 silly idealTree buildDeps
61 silly fetch manifest @types/on-finished@2.3.2
62 silly fetch manifest @types/type-is@1.6.3
63 silly fetch manifest @types/express@4.17.17
64 silly fetch manifest @types/object-assign@4.0.31
65 silly fetch manifest @types/multer@1.4.7
66 silly fetch manifest @types/lodash@4.14.198
67 silly fetch manifest @types/jsonwebtoken@9.0.2
68 silly fetch manifest @types/vary@1.1.0
69 silly fetch manifest @types/serve-static@1.15.2
70 silly fetch manifest @types/body-parser@1.19.2
71 silly fetch manifest @types/cors@2.8.14
72 silly fetch manifest @types/npmlog@4.1.4
73 silly fetch manifest @types/nodemon@1.19.2
74 silly fetch manifest @types/bcrypt@5.0.0
75 silly fetch manifest @types/concat-stream@2.0.0
76 silly fetch manifest @types/swagger-ui-dist@3.30.1
77 silly fetch manifest @types/merge-descriptors@1.0.1
78 silly fetch manifest @types/yamljs@0.2.31
79 silly fetch manifest @types/xtend@4.0.4
80 silly fetch manifest @types/jws@3.2.5
81 silly fetch manifest @types/nopt@3.0.29
82 silly fetch manifest @types/busboy@1.5.0
83 silly fetch manifest @types/swagger-ui-express@4.1.3
84 silly placeDep ROOT @types/bcrypt@5.0.0 OK for:  want: 5.0.0
85 silly placeDep ROOT @types/body-parser@1.19.2 OK for:  want: 1.19.2
86 silly placeDep ROOT @types/busboy@1.5.0 OK for:  want: 1.5.0
87 silly placeDep ROOT @types/concat-stream@2.0.0 OK for:  want: 2.0.0
88 silly placeDep ROOT @types/cors@2.8.14 OK for:  want: 2.8.14
89 silly placeDep ROOT @types/express@4.17.17 OK for:  want: 4.17.17
90 silly placeDep ROOT @types/jsonwebtoken@9.0.2 OK for:  want: 9.0.2
91 silly placeDep ROOT @types/jws@3.2.5 OK for:  want: 3.2.5
92 silly placeDep ROOT @types/lodash@4.14.198 OK for:  want: 4.14.198
93 silly placeDep ROOT @types/merge-descriptors@1.0.1 OK for:  want: 1.0.1
94 silly placeDep ROOT @types/multer@1.4.7 OK for:  want: 1.4.7
95 silly placeDep ROOT @types/nodemon@1.19.2 OK for:  want: 1.19.2
96 silly placeDep ROOT @types/nopt@3.0.29 OK for:  want: 3.0.29
97 silly placeDep ROOT @types/npmlog@4.1.4 OK for:  want: 4.1.4
98 silly placeDep ROOT @types/object-assign@4.0.31 OK for:  want: 4.0.31
99 silly placeDep ROOT @types/on-finished@2.3.2 OK for:  want: 2.3.2
100 silly placeDep ROOT @types/serve-static@1.15.2 OK for:  want: 1.15.2
101 silly placeDep ROOT @types/swagger-ui-dist@3.30.1 OK for:  want: 3.30.1
102 silly placeDep ROOT @types/swagger-ui-express@4.1.3 OK for:  want: 4.1.3
103 silly placeDep ROOT @types/type-is@1.6.3 OK for:  want: 1.6.3
104 silly placeDep ROOT @types/vary@1.1.0 OK for:  want: 1.1.0
105 silly placeDep ROOT @types/xtend@4.0.4 OK for:  want: 4.0.4
106 silly placeDep ROOT @types/yamljs@0.2.31 OK for:  want: 0.2.31
107 silly fetch manifest @types/node@*
108 silly fetch manifest @types/connect@*
109 silly fetch manifest @types/express-serve-static-core@^4.17.33
110 silly fetch manifest @types/qs@*
111 silly fetch manifest @types/http-errors@*
112 silly fetch manifest @types/mime@*
113 http fetch GET 200 https://registry.npmjs.org/@types%2fmime 50ms (cache revalidated)
114 http fetch GET 200 https://registry.npmjs.org/@types%2fnode 56ms (cache revalidated)
115 http fetch GET 200 https://registry.npmjs.org/@types%2fexpress-serve-static-core 61ms (cache revalidated)
116 http fetch GET 200 https://registry.npmjs.org/@types%2fqs 63ms (cache revalidated)
117 http fetch GET 200 https://registry.npmjs.org/@types%2fconnect 1445ms (cache revalidated)
118 http fetch GET 200 https://registry.npmjs.org/@types%2fhttp-errors 1464ms (cache revalidated)
119 timing idealTree:#root Completed in 1500ms
120 silly placeDep ROOT @types/node@20.6.0 OK for: @types/bcrypt@5.0.0 want: *
121 timing idealTree:node_modules/@types/bcrypt Completed in 3ms
122 silly placeDep ROOT @types/connect@3.4.36 OK for: @types/body-parser@1.19.2 want: *
123 timing idealTree:node_modules/@types/body-parser Completed in 1ms
124 timing idealTree:node_modules/@types/busboy Completed in 1ms
125 timing idealTree:node_modules/@types/concat-stream Completed in 0ms
126 timing idealTree:node_modules/@types/connect Completed in 0ms
127 timing idealTree:node_modules/@types/cors Completed in 0ms
128 silly placeDep ROOT @types/express-serve-static-core@4.17.36 OK for: @types/express@4.17.17 want: ^4.17.33
129 silly placeDep ROOT @types/qs@6.9.8 OK for: @types/express@4.17.17 want: *
130 silly fetch manifest @types/range-parser@*
131 silly fetch manifest @types/send@*
132 http fetch GET 200 https://registry.npmjs.org/@types%2fsend 46ms (cache revalidated)
133 http fetch GET 200 https://registry.npmjs.org/@types%2frange-parser 46ms (cache revalidated)
134 timing idealTree:node_modules/@types/express Completed in 51ms
135 silly placeDep ROOT @types/range-parser@1.2.4 OK for: @types/express-serve-static-core@4.17.36 want: *
136 silly placeDep ROOT @types/send@0.17.1 OK for: @types/express-serve-static-core@4.17.36 want: *
137 silly fetch manifest @types/mime@^1
138 timing idealTree:node_modules/@types/express-serve-static-core Completed in 3ms
139 timing idealTree:node_modules/@types/jsonwebtoken Completed in 0ms
140 timing idealTree:node_modules/@types/jws Completed in 0ms
141 timing idealTree:node_modules/@types/lodash Completed in 0ms
142 timing idealTree:node_modules/@types/merge-descriptors Completed in 0ms
143 timing idealTree:node_modules/@types/multer Completed in 0ms
144 timing idealTree:node_modules/@types/node Completed in 0ms
145 timing idealTree:node_modules/@types/nodemon Completed in 0ms
146 timing idealTree:node_modules/@types/nopt Completed in 0ms
147 timing idealTree:node_modules/@types/npmlog Completed in 0ms
148 timing idealTree:node_modules/@types/object-assign Completed in 0ms
149 timing idealTree:node_modules/@types/on-finished Completed in 0ms
150 timing idealTree:node_modules/@types/qs Completed in 0ms
151 timing idealTree:node_modules/@types/range-parser Completed in 0ms
152 silly placeDep ROOT @types/mime@1.3.2 OK for: @types/send@0.17.1 want: ^1
153 timing idealTree:node_modules/@types/send Completed in 1ms
154 timing idealTree:node_modules/@types/mime Completed in 0ms
155 silly placeDep ROOT @types/http-errors@2.0.1 OK for: @types/serve-static@1.15.2 want: *
156 timing idealTree:node_modules/@types/serve-static Completed in 1ms
157 timing idealTree:node_modules/@types/http-errors Completed in 0ms
158 timing idealTree:node_modules/@types/swagger-ui-dist Completed in 0ms
159 timing idealTree:node_modules/@types/swagger-ui-express Completed in 0ms
160 timing idealTree:node_modules/@types/type-is Completed in 0ms
161 timing idealTree:node_modules/@types/vary Completed in 0ms
162 timing idealTree:node_modules/@types/xtend Completed in 0ms
163 timing idealTree:node_modules/@types/yamljs Completed in 0ms
164 timing idealTree:buildDeps Completed in 1563ms
165 timing idealTree:fixDepFlags Completed in 1ms
166 timing idealTree Completed in 3236ms
167 timing reify:loadTrees Completed in 3236ms
168 timing reify:diffTrees Completed in 2ms
169 silly reify moves {}
170 timing reify:retireShallow Completed in 1ms
171 timing reify:createSparse Completed in 3ms
172 timing reify:loadBundles Completed in 0ms
173 silly audit bulk request {
173 silly audit   'types-registry': [ '0.1.660' ],
173 silly audit   '@types/bcrypt': [ '5.0.0' ],
173 silly audit   '@types/body-parser': [ '1.19.2' ],
173 silly audit   '@types/busboy': [ '1.5.0' ],
173 silly audit   '@types/concat-stream': [ '2.0.0' ],
173 silly audit   '@types/cors': [ '2.8.14' ],
173 silly audit   '@types/express': [ '4.17.17' ],
173 silly audit   '@types/jsonwebtoken': [ '9.0.2' ],
173 silly audit   '@types/jws': [ '3.2.5' ],
173 silly audit   '@types/lodash': [ '4.14.198' ],
173 silly audit   '@types/merge-descriptors': [ '1.0.1' ],
173 silly audit   '@types/multer': [ '1.4.7' ],
173 silly audit   '@types/nodemon': [ '1.19.2' ],
173 silly audit   '@types/nopt': [ '3.0.29' ],
173 silly audit   '@types/npmlog': [ '4.1.4' ],
173 silly audit   '@types/object-assign': [ '4.0.31' ],
173 silly audit   '@types/on-finished': [ '2.3.2' ],
173 silly audit   '@types/serve-static': [ '1.15.2' ],
173 silly audit   '@types/swagger-ui-dist': [ '3.30.1' ],
173 silly audit   '@types/swagger-ui-express': [ '4.1.3' ],
173 silly audit   '@types/type-is': [ '1.6.3' ],
173 silly audit   '@types/vary': [ '1.1.0' ],
173 silly audit   '@types/xtend': [ '4.0.4' ],
173 silly audit   '@types/yamljs': [ '0.2.31' ],
173 silly audit   '@types/node': [ '20.6.0' ],
173 silly audit   '@types/connect': [ '3.4.36' ],
173 silly audit   '@types/express-serve-static-core': [ '4.17.36' ],
173 silly audit   '@types/qs': [ '6.9.8' ],
173 silly audit   '@types/range-parser': [ '1.2.4' ],
173 silly audit   '@types/send': [ '0.17.1' ],
173 silly audit   '@types/mime': [ '1.3.2' ],
173 silly audit   '@types/http-errors': [ '2.0.1' ]
173 silly audit }
174 timing reifyNode:node_modules/@types/http-errors Completed in 69ms
175 timing reifyNode:node_modules/@types/connect Completed in 68ms
176 timing reifyNode:node_modules/@types/yamljs Completed in 68ms
177 timing reifyNode:node_modules/@types/vary Completed in 69ms
178 timing reifyNode:node_modules/@types/type-is Completed in 69ms
179 timing reifyNode:node_modules/@types/send Completed in 69ms
180 timing reifyNode:node_modules/@types/qs Completed in 69ms
181 timing reifyNode:node_modules/@types/xtend Completed in 69ms
182 timing reifyNode:node_modules/@types/on-finished Completed in 69ms
183 timing reifyNode:node_modules/@types/npmlog Completed in 69ms
184 timing reifyNode:node_modules/@types/range-parser Completed in 69ms
185 timing reifyNode:node_modules/@types/object-assign Completed in 69ms
186 timing reifyNode:node_modules/@types/serve-static Completed in 69ms
187 timing reifyNode:node_modules/@types/nodemon Completed in 69ms
188 timing reifyNode:node_modules/@types/swagger-ui-express Completed in 69ms
189 timing reifyNode:node_modules/@types/nopt Completed in 69ms
190 timing reifyNode:node_modules/@types/jws Completed in 68ms
191 timing reifyNode:node_modules/@types/merge-descriptors Completed in 68ms
192 timing reifyNode:node_modules/@types/concat-stream Completed in 68ms
193 timing reifyNode:node_modules/@types/bcrypt Completed in 69ms
194 timing reifyNode:node_modules/@types/cors Completed in 69ms
195 timing reifyNode:node_modules/@types/body-parser Completed in 69ms
196 timing reifyNode:node_modules/@types/express Completed in 69ms
197 timing reifyNode:node_modules/@types/jsonwebtoken Completed in 69ms
198 timing reifyNode:node_modules/@types/busboy Completed in 69ms
199 timing reifyNode:node_modules/@types/swagger-ui-dist Completed in 70ms
200 timing reifyNode:node_modules/@types/mime Completed in 70ms
201 timing reifyNode:node_modules/@types/express-serve-static-core Completed in 70ms
202 timing reifyNode:node_modules/@types/multer Completed in 70ms
203 timing reifyNode:node_modules/@types/node Completed in 151ms
204 http fetch POST 200 https://registry.npmjs.org/-/npm/v1/security/advisories/bulk 176ms
205 timing auditReport:getReport Completed in 179ms
206 silly audit report {}
207 timing auditReport:init Completed in 0ms
208 timing reify:audit Completed in 179ms
209 timing reifyNode:node_modules/@types/lodash Completed in 180ms
210 timing reify:unpack Completed in 183ms
211 timing reify:unretire Completed in 0ms
212 timing build:queue Completed in 1ms
213 timing build:deps Completed in 1ms
214 timing build Completed in 1ms
215 timing reify:build Completed in 1ms
216 timing reify:trash Completed in 0ms
217 timing reify:save Completed in 10ms
218 timing reify Completed in 3448ms
219 silly ADD node_modules/@types/http-errors
220 silly ADD node_modules/@types/mime
221 silly ADD node_modules/@types/send
222 silly ADD node_modules/@types/range-parser
223 silly ADD node_modules/@types/qs
224 silly ADD node_modules/@types/express-serve-static-core
225 silly ADD node_modules/@types/connect
226 silly ADD node_modules/@types/node
227 silly ADD node_modules/@types/yamljs
228 silly ADD node_modules/@types/xtend
229 silly ADD node_modules/@types/vary
230 silly ADD node_modules/@types/type-is
231 silly ADD node_modules/@types/swagger-ui-express
232 silly ADD node_modules/@types/swagger-ui-dist
233 silly ADD node_modules/@types/serve-static
234 silly ADD node_modules/@types/on-finished
235 silly ADD node_modules/@types/object-assign
236 silly ADD node_modules/@types/npmlog
237 silly ADD node_modules/@types/nopt
238 silly ADD node_modules/@types/nodemon
239 silly ADD node_modules/@types/multer
240 silly ADD node_modules/@types/merge-descriptors
241 silly ADD node_modules/@types/lodash
242 silly ADD node_modules/@types/jws
243 silly ADD node_modules/@types/jsonwebtoken
244 silly ADD node_modules/@types/express
245 silly ADD node_modules/@types/cors
246 silly ADD node_modules/@types/concat-stream
247 silly ADD node_modules/@types/busboy
248 silly ADD node_modules/@types/body-parser
249 silly ADD node_modules/@types/bcrypt
250 timing command:install Completed in 3452ms
251 verbose exit 0
252 timing npm Completed in 3485ms
253 info ok
