0 verbose cli /usr/local/bin/node /usr/local/bin/npm
1 info using npm@9.8.1
2 info using node@v20.6.1
3 timing npm:load:whichnode Completed in 1ms
4 timing config:load:defaults Completed in 1ms
5 timing config:load:file:/usr/local/lib/node_modules/npm/npmrc Completed in 1ms
6 timing config:load:builtin Completed in 1ms
7 timing config:load:cli Completed in 2ms
8 timing config:load:env Completed in 0ms
9 timing config:load:file:/Users/Sabri/Library/Caches/typescript/5.2/.npmrc Completed in 0ms
10 timing config:load:project Completed in 1ms
11 timing config:load:file:/Users/Sabri/.npmrc Completed in 0ms
12 timing config:load:user Completed in 0ms
13 timing config:load:file:/usr/local/etc/npmrc Completed in 0ms
14 timing config:load:global Completed in 0ms
15 timing config:load:setEnvs Completed in 1ms
16 timing config:load Completed in 6ms
17 timing npm:load:configload Completed in 6ms
18 timing config:load:flatten Completed in 1ms
19 timing npm:load:mkdirpcache Completed in 0ms
20 timing npm:load:mkdirplogs Completed in 0ms
21 verbose title npm install @types/ms@ts5.2 @types/supports-color@ts5.2
22 verbose argv "install" "--ignore-scripts" "@types/ms@ts5.2" "@types/supports-color@ts5.2" "--save-dev" "--user-agent" "typesInstaller/5.2.2"
23 timing npm:load:setTitle Completed in 7ms
24 timing npm:load:display Completed in 1ms
25 verbose logfile logs-max:10 dir:/Users/Sabri/.npm/_logs/2023-09-19T14_15_39_457Z-
26 verbose logfile /Users/Sabri/.npm/_logs/2023-09-19T14_15_39_457Z-debug-0.log
27 timing npm:load:logFile Completed in 7ms
28 timing npm:load:timers Completed in 0ms
29 timing npm:load:configScope Completed in 0ms
30 timing npm:load Completed in 32ms
31 timing arborist:ctor Completed in 0ms
32 silly logfile start cleaning logs, removing 1 files
33 timing idealTree:init Completed in 30ms
34 silly logfile done cleaning log files
35 timing arborist:ctor Completed in 0ms
36 http fetch GET 200 https://registry.npmjs.org/@types%2fsupports-color 639ms (cache miss)
37 http fetch GET 200 https://registry.npmjs.org/@types%2fms 1097ms (cache revalidated)
38 timing idealTree:userRequests Completed in 1100ms
39 silly idealTree buildDeps
40 silly fetch manifest @types/supports-color@8.1.1
41 silly fetch manifest @types/ms@0.7.31
42 silly placeDep ROOT @types/ms@0.7.31 OK for:  want: 0.7.31
43 silly placeDep ROOT @types/supports-color@8.1.1 OK for:  want: 8.1.1
44 timing idealTree:#root Completed in 7ms
45 timing idealTree:node_modules/@types/ms Completed in 0ms
46 timing idealTree:node_modules/@types/supports-color Completed in 0ms
47 timing idealTree:buildDeps Completed in 8ms
48 timing idealTree:fixDepFlags Completed in 0ms
49 timing idealTree Completed in 1140ms
50 timing reify:loadTrees Completed in 1141ms
51 timing reify:diffTrees Completed in 2ms
52 silly reify moves {}
53 timing reify:retireShallow Completed in 1ms
54 timing reify:createSparse Completed in 1ms
55 timing reify:loadBundles Completed in 0ms
56 silly audit bulk request {
56 silly audit   '@types/bcrypt': [ '5.0.0' ],
56 silly audit   '@types/body-parser': [ '1.19.2' ],
56 silly audit   '@types/busboy': [ '1.5.0' ],
56 silly audit   '@types/concat-stream': [ '2.0.0' ],
56 silly audit   '@types/connect': [ '3.4.36' ],
56 silly audit   '@types/cors': [ '2.8.14' ],
56 silly audit   '@types/eslint': [ '8.44.2' ],
56 silly audit   '@types/estree': [ '1.0.1' ],
56 silly audit   '@types/expect.js': [ '0.3.29' ],
56 silly audit   '@types/express': [ '4.17.17' ],
56 silly audit   '@types/express-serve-static-core': [ '4.17.36' ],
56 silly audit   '@types/http-errors': [ '2.0.1' ],
56 silly audit   '@types/json-schema': [ '7.0.13' ],
56 silly audit   '@types/jsonwebtoken': [ '9.0.2' ],
56 silly audit   '@types/jws': [ '3.2.5' ],
56 silly audit   '@types/lint-staged': [ '13.2.0' ],
56 silly audit   '@types/lodash': [ '4.14.198' ],
56 silly audit   '@types/merge-descriptors': [ '1.0.1' ],
56 silly audit   '@types/mime': [ '1.3.2' ],
56 silly audit   '@types/mocha': [ '10.0.1' ],
56 silly audit   '@types/multer': [ '1.4.7' ],
56 silly audit   '@types/node': [ '20.6.0' ],
56 silly audit   '@types/nodemon': [ '1.19.2' ],
56 silly audit   '@types/nopt': [ '3.0.29' ],
56 silly audit   '@types/npmlog': [ '4.1.4' ],
56 silly audit   '@types/object-assign': [ '4.0.31' ],
56 silly audit   '@types/on-finished': [ '2.3.2' ],
56 silly audit   '@types/qs': [ '6.9.8' ],
56 silly audit   '@types/range-parser': [ '1.2.4' ],
56 silly audit   '@types/send': [ '0.17.1' ],
56 silly audit   '@types/serve-static': [ '1.15.2' ],
56 silly audit   '@types/swagger-ui-dist': [ '3.30.1' ],
56 silly audit   '@types/swagger-ui-express': [ '4.1.3' ],
56 silly audit   '@types/type-is': [ '1.6.3' ],
56 silly audit   '@types/vary': [ '1.1.0' ],
56 silly audit   '@types/xtend': [ '4.0.4' ],
56 silly audit   '@types/yamljs': [ '0.2.31' ],
56 silly audit   'types-registry': [ '0.1.661' ],
56 silly audit   '@types/ms': [ '0.7.31' ],
56 silly audit   '@types/supports-color': [ '8.1.1' ]
56 silly audit }
57 silly tarball no local data for @types/supports-color@https://registry.npmjs.org/@types/supports-color/-/supports-color-8.1.1.tgz. Extracting by manifest.
58 timing reifyNode:node_modules/@types/ms Completed in 10ms
59 http fetch GET 200 https://registry.npmjs.org/@types/supports-color/-/supports-color-8.1.1.tgz 83ms (cache miss)
60 timing reifyNode:node_modules/@types/supports-color Completed in 87ms
61 timing reify:unpack Completed in 87ms
62 timing reify:unretire Completed in 0ms
63 timing build:queue Completed in 1ms
64 timing build:deps Completed in 1ms
65 timing build Completed in 1ms
66 timing reify:build Completed in 1ms
67 timing reify:trash Completed in 0ms
68 timing reify:save Completed in 11ms
69 http fetch POST 200 https://registry.npmjs.org/-/npm/v1/security/advisories/bulk 172ms
70 timing auditReport:getReport Completed in 175ms
71 silly audit report {}
72 timing auditReport:init Completed in 0ms
73 timing reify:audit Completed in 176ms
74 timing reify Completed in 1325ms
75 silly ADD node_modules/@types/supports-color
76 silly ADD node_modules/@types/ms
77 timing command:install Completed in 1329ms
78 verbose exit 0
79 timing npm Completed in 1452ms
80 info ok
