0 verbose cli /usr/local/bin/node /usr/local/bin/npm
1 info using npm@9.5.1
2 info using node@v18.16.1
3 timing npm:load:whichnode Completed in 0ms
4 timing config:load:defaults Completed in 0ms
5 timing config:load:file:/usr/local/lib/node_modules/npm/npmrc Completed in 0ms
6 timing config:load:builtin Completed in 0ms
7 timing config:load:cli Completed in 1ms
8 timing config:load:env Completed in 0ms
9 timing config:load:file:/Users/Sabri/Library/Caches/typescript/5.1/.npmrc Completed in 0ms
10 timing config:load:project Completed in 1ms
11 timing config:load:file:/Users/Sabri/.npmrc Completed in 0ms
12 timing config:load:user Completed in 0ms
13 timing config:load:file:/usr/local/etc/npmrc Completed in 0ms
14 timing config:load:global Completed in 0ms
15 timing config:load:setEnvs Completed in 0ms
16 timing config:load Completed in 3ms
17 timing npm:load:configload Completed in 3ms
18 timing npm:load:mkdirpcache Completed in 1ms
19 timing npm:load:mkdirplogs Completed in 0ms
20 verbose title npm install types-registry@latest
21 verbose argv "install" "--ignore-scripts" "types-registry@latest"
22 timing npm:load:setTitle Completed in 5ms
23 timing config:load:flatten Completed in 2ms
24 timing npm:load:display Completed in 2ms
25 verbose logfile logs-max:10 dir:/Users/Sabri/.npm/_logs/2023-07-24T08_34_06_154Z-
26 verbose logfile /Users/Sabri/.npm/_logs/2023-07-24T08_34_06_154Z-debug-0.log
27 timing npm:load:logFile Completed in 3ms
28 timing npm:load:timers Completed in 0ms
29 timing npm:load:configScope Completed in 0ms
30 timing npm:load Completed in 15ms
31 timing arborist:ctor Completed in 1ms
32 silly logfile start cleaning logs, removing 1 files
33 silly logfile done cleaning log files
34 timing idealTree:init Completed in 11ms
35 timing arborist:ctor Completed in 0ms
36 http fetch GET 200 https://registry.npmjs.org/types-registry 214ms (cache updated)
37 timing idealTree:userRequests Completed in 218ms
38 silly idealTree buildDeps
39 silly fetch manifest types-registry@0.1.653
40 silly placeDep ROOT types-registry@0.1.653 REPLACE for:  want: 0.1.653
41 timing idealTree:#root Completed in 2ms
42 timing idealTree:node_modules/types-registry Completed in 0ms
43 timing idealTree:buildDeps Completed in 3ms
44 timing idealTree:fixDepFlags Completed in 0ms
45 timing idealTree Completed in 233ms
46 timing reify:loadTrees Completed in 234ms
47 timing reify:diffTrees Completed in 0ms
48 silly reify mark retired [
48 silly reify   '/Users/Sabri/Library/Caches/typescript/5.1/node_modules/types-registry'
48 silly reify ]
49 silly reify moves {
49 silly reify   '/Users/Sabri/Library/Caches/typescript/5.1/node_modules/types-registry': '/Users/Sabri/Library/Caches/typescript/5.1/node_modules/.types-registry-EX09X8vD'
49 silly reify }
50 timing reify:retireShallow Completed in 2ms
51 timing reify:createSparse Completed in 0ms
52 timing reify:loadBundles Completed in 0ms
53 silly audit bulk request { 'types-registry': [ '0.1.653' ] }
54 silly tarball no local data for types-registry@https://registry.npmjs.org/types-registry/-/types-registry-0.1.653.tgz. Extracting by manifest.
55 http fetch GET 200 https://registry.npmjs.org/types-registry/-/types-registry-0.1.653.tgz 122ms (cache miss)
56 timing reifyNode:node_modules/types-registry Completed in 126ms
57 timing reify:unpack Completed in 126ms
58 timing reify:unretire Completed in 0ms
59 timing build:queue Completed in 0ms
60 timing build:deps Completed in 0ms
61 timing build Completed in 0ms
62 timing reify:build Completed in 0ms
63 timing reify:trash Completed in 12ms
64 timing reify:save Completed in 3ms
65 http fetch POST 200 https://registry.npmjs.org/-/npm/v1/security/advisories/bulk 176ms
66 timing auditReport:getReport Completed in 177ms
67 silly audit report {}
68 timing auditReport:init Completed in 0ms
69 timing reify:audit Completed in 177ms
70 timing reify Completed in 414ms
71 silly CHANGE node_modules/types-registry
72 timing command:install Completed in 416ms
73 verbose exit 0
74 timing npm Completed in 439ms
75 info ok
