0 verbose cli /usr/local/bin/node /usr/local/bin/npm
1 info using npm@9.5.1
2 info using node@v18.16.1
3 timing npm:load:whichnode Completed in 1ms
4 timing config:load:defaults Completed in 1ms
5 timing config:load:file:/usr/local/lib/node_modules/npm/npmrc Completed in 1ms
6 timing config:load:builtin Completed in 1ms
7 timing config:load:cli Completed in 1ms
8 timing config:load:env Completed in 0ms
9 timing config:load:file:/Users/Sabri/Downloads/projet3karoumisabri-main/FrontEnd/.npmrc Completed in 0ms
10 timing config:load:project Completed in 1ms
11 timing config:load:file:/Users/Sabri/.npmrc Completed in 0ms
12 timing config:load:user Completed in 0ms
13 timing config:load:file:/usr/local/etc/npmrc Completed in 0ms
14 timing config:load:global Completed in 0ms
15 timing config:load:setEnvs Completed in 0ms
16 timing config:load Completed in 5ms
17 timing npm:load:configload Completed in 5ms
18 timing npm:load:mkdirpcache Completed in 0ms
19 timing npm:load:mkdirplogs Completed in 1ms
20 verbose title npm start
21 verbose argv "start"
22 timing npm:load:setTitle Completed in 7ms
23 timing config:load:flatten Completed in 2ms
24 timing npm:load:display Completed in 2ms
25 verbose logfile logs-max:10 dir:/Users/Sabri/.npm/_logs/2023-07-11T11_40_14_275Z-
26 verbose logfile /Users/Sabri/.npm/_logs/2023-07-11T11_40_14_275Z-debug-0.log
27 timing npm:load:logFile Completed in 4ms
28 timing npm:load:timers Completed in 0ms
29 timing npm:load:configScope Completed in 0ms
30 timing npm:load Completed in 20ms
31 silly logfile start cleaning logs, removing 2 files
32 timing command:run-script Completed in 1ms
33 timing command:start Completed in 4ms
34 verbose stack Error: ENOENT: no such file or directory, open '/Users/Sabri/Downloads/projet3karoumisabri-main/FrontEnd/package.json'
35 verbose cwd /Users/Sabri/Downloads/projet3karoumisabri-main/FrontEnd
36 verbose Darwin 22.3.0
37 verbose node v18.16.1
38 verbose npm  v9.5.1
39 error code ENOENT
40 error syscall open
41 error path /Users/Sabri/Downloads/projet3karoumisabri-main/FrontEnd/package.json
42 error errno -2
43 error enoent ENOENT: no such file or directory, open '/Users/Sabri/Downloads/projet3karoumisabri-main/FrontEnd/package.json'
44 error enoent This is related to npm not being able to find a file.
44 error enoent
45 verbose exit -2
46 timing npm Completed in 32ms
47 verbose code -2
48 error A complete log of this run can be found in:
48 error     /Users/Sabri/.npm/_logs/2023-07-11T11_40_14_275Z-debug-0.log
