0 verbose cli /usr/local/bin/node /usr/local/bin/npm
1 info using npm@9.5.1
2 info using node@v18.16.1
3 timing npm:load:whichnode Completed in 1ms
4 timing config:load:defaults Completed in 1ms
5 timing config:load:file:/usr/local/lib/node_modules/npm/npmrc Completed in 0ms
6 timing config:load:builtin Completed in 0ms
7 timing config:load:cli Completed in 1ms
8 timing config:load:env Completed in 1ms
9 timing config:load:file:/Users/Sabri/Library/Caches/typescript/5.0/.npmrc Completed in 0ms
10 timing config:load:project Completed in 0ms
11 timing config:load:file:/Users/Sabri/.npmrc Completed in 0ms
12 timing config:load:user Completed in 0ms
13 timing config:load:file:/usr/local/etc/npmrc Completed in 0ms
14 timing config:load:global Completed in 0ms
15 timing config:load:setEnvs Completed in 1ms
16 timing config:load Completed in 4ms
17 timing npm:load:configload Completed in 4ms
18 timing npm:load:mkdirpcache Completed in 0ms
19 timing npm:load:mkdirplogs Completed in 0ms
20 verbose title npm install types-registry@latest
21 verbose argv "install" "--ignore-scripts" "types-registry@latest"
22 timing npm:load:setTitle Completed in 6ms
23 timing config:load:flatten Completed in 2ms
24 timing npm:load:display Completed in 2ms
25 verbose logfile logs-max:10 dir:/Users/Sabri/.npm/_logs/2023-07-14T19_39_12_809Z-
26 verbose logfile /Users/Sabri/.npm/_logs/2023-07-14T19_39_12_809Z-debug-0.log
27 timing npm:load:logFile Completed in 4ms
28 timing npm:load:timers Completed in 0ms
29 timing npm:load:configScope Completed in 0ms
30 timing npm:load Completed in 17ms
31 timing arborist:ctor Completed in 0ms
32 silly logfile start cleaning logs, removing 3 files
33 timing idealTree:init Completed in 25ms
34 silly logfile done cleaning log files
35 timing arborist:ctor Completed in 0ms
36 http fetch GET 200 https://registry.npmjs.org/types-registry 451ms (cache revalidated)
37 timing idealTree:userRequests Completed in 455ms
38 silly idealTree buildDeps
39 silly fetch manifest types-registry@0.1.651
40 silly placeDep ROOT types-registry@0.1.651 REPLACE for:  want: 0.1.651
41 timing idealTree:#root Completed in 2ms
42 timing idealTree:node_modules/types-registry Completed in 0ms
43 timing idealTree:buildDeps Completed in 4ms
44 timing idealTree:fixDepFlags Completed in 0ms
45 timing idealTree Completed in 485ms
46 timing reify:loadTrees Completed in 485ms
47 timing reify:diffTrees Completed in 1ms
48 silly reify moves {}
49 timing reify:retireShallow Completed in 1ms
50 timing reify:createSparse Completed in 0ms
51 timing reify:loadBundles Completed in 0ms
52 silly audit bulk request {
52 silly audit   '@types/bcrypt': [ '5.0.0' ],
52 silly audit   '@types/bluebird': [ '3.5.38' ],
52 silly audit   '@types/body-parser': [ '1.19.2' ],
52 silly audit   '@types/connect': [ '3.4.35' ],
52 silly audit   '@types/continuation-local-storage': [ '3.2.4' ],
52 silly audit   '@types/cors': [ '2.8.13' ],
52 silly audit   '@types/express': [ '4.17.17' ],
52 silly audit   '@types/express-serve-static-core': [ '4.17.35' ],
52 silly audit   '@types/http-errors': [ '2.0.1' ],
52 silly audit   '@types/jsonwebtoken': [ '9.0.2' ],
52 silly audit   '@types/lodash': [ '4.14.195' ],
52 silly audit   '@types/mime': [ '1.3.2' ],
52 silly audit   '@types/multer': [ '1.4.7' ],
52 silly audit   '@types/node': [ '20.3.1' ],
52 silly audit   '@types/nodemon': [ '1.19.2' ],
52 silly audit   '@types/qs': [ '6.9.7' ],
52 silly audit   '@types/range-parser': [ '1.2.4' ],
52 silly audit   '@types/send': [ '0.17.1' ],
52 silly audit   '@types/sequelize': [ '4.28.15' ],
52 silly audit   '@types/serve-static': [ '1.15.2' ],
52 silly audit   '@types/sqlite3': [ '3.1.8' ],
52 silly audit   '@types/swagger-ui-express': [ '4.1.3' ],
52 silly audit   '@types/validator': [ '13.7.17' ],
52 silly audit   '@types/yamljs': [ '0.2.31' ],
52 silly audit   'types-registry': [ '0.1.651' ]
52 silly audit }
53 timing reify:unpack Completed in 0ms
54 timing reify:unretire Completed in 0ms
55 timing build:queue Completed in 0ms
56 timing build:deps Completed in 0ms
57 timing build Completed in 0ms
58 timing reify:build Completed in 1ms
59 timing reify:trash Completed in 0ms
60 timing reify:save Completed in 16ms
61 http fetch POST 200 https://registry.npmjs.org/-/npm/v1/security/advisories/bulk 309ms
62 timing auditReport:getReport Completed in 311ms
63 silly audit report {}
64 timing auditReport:init Completed in 0ms
65 timing reify:audit Completed in 311ms
66 timing reify Completed in 800ms
67 timing command:install Completed in 804ms
68 verbose exit 0
69 timing npm Completed in 830ms
70 info ok
