0 verbose cli /usr/local/bin/node /usr/local/bin/npm
1 info using npm@9.5.1
2 info using node@v18.16.1
3 timing npm:load:whichnode Completed in 0ms
4 timing config:load:defaults Completed in 1ms
5 timing config:load:file:/usr/local/lib/node_modules/npm/npmrc Completed in 0ms
6 timing config:load:builtin Completed in 0ms
7 timing config:load:cli Completed in 1ms
8 timing config:load:env Completed in 1ms
9 timing config:load:file:/Users/Sabri/Library/Caches/typescript/5.1/.npmrc Completed in 0ms
10 timing config:load:project Completed in 0ms
11 timing config:load:file:/Users/Sabri/.npmrc Completed in 0ms
12 timing config:load:user Completed in 0ms
13 timing config:load:file:/usr/local/etc/npmrc Completed in 0ms
14 timing config:load:global Completed in 0ms
15 timing config:load:setEnvs Completed in 1ms
16 timing config:load Completed in 4ms
17 timing npm:load:configload Completed in 4ms
18 timing npm:load:mkdirpcache Completed in 0ms
19 timing npm:load:mkdirplogs Completed in 0ms
20 verbose title npm install types-registry@latest
21 verbose argv "install" "--ignore-scripts" "types-registry@latest"
22 timing npm:load:setTitle Completed in 5ms
23 timing config:load:flatten Completed in 1ms
24 timing npm:load:display Completed in 2ms
25 verbose logfile logs-max:10 dir:/Users/Sabri/.npm/_logs/2023-07-17T10_15_22_221Z-
26 verbose logfile /Users/Sabri/.npm/_logs/2023-07-17T10_15_22_221Z-debug-0.log
27 timing npm:load:logFile Completed in 3ms
28 timing npm:load:timers Completed in 0ms
29 timing npm:load:configScope Completed in 0ms
30 timing npm:load Completed in 14ms
31 timing arborist:ctor Completed in 0ms
32 silly logfile start cleaning logs, removing 1 files
33 silly logfile done cleaning log files
34 timing arborist:ctor Completed in 0ms
35 timing idealTree:init Completed in 5ms
36 http fetch GET 200 https://registry.npmjs.org/types-registry 972ms (cache updated)
37 timing idealTree:userRequests Completed in 979ms
38 silly idealTree buildDeps
39 silly fetch manifest types-registry@0.1.652
40 silly placeDep ROOT types-registry@0.1.652 OK for:  want: 0.1.652
41 timing idealTree:#root Completed in 4ms
42 timing idealTree:node_modules/types-registry Completed in 0ms
43 timing idealTree:buildDeps Completed in 4ms
44 timing idealTree:fixDepFlags Completed in 0ms
45 timing idealTree Completed in 988ms
46 timing reify:loadTrees Completed in 988ms
47 timing reify:diffTrees Completed in 0ms
48 silly reify moves {}
49 timing reify:retireShallow Completed in 1ms
50 timing reify:createSparse Completed in 0ms
51 timing reify:loadBundles Completed in 0ms
52 silly audit bulk request { 'types-registry': [ '0.1.652' ] }
53 silly tarball no local data for types-registry@https://registry.npmjs.org/types-registry/-/types-registry-0.1.652.tgz. Extracting by manifest.
54 http fetch POST 200 https://registry.npmjs.org/-/npm/v1/security/advisories/bulk 175ms
55 timing auditReport:getReport Completed in 175ms
56 silly audit report {}
57 timing auditReport:init Completed in 0ms
58 timing reify:audit Completed in 176ms
59 http fetch GET 200 https://registry.npmjs.org/types-registry/-/types-registry-0.1.652.tgz 576ms (cache miss)
60 timing reifyNode:node_modules/types-registry Completed in 580ms
61 timing reify:unpack Completed in 580ms
62 timing reify:unretire Completed in 0ms
63 timing build:queue Completed in 0ms
64 timing build:deps Completed in 0ms
65 timing build Completed in 0ms
66 timing reify:build Completed in 0ms
67 timing reify:trash Completed in 0ms
68 timing reify:save Completed in 2ms
69 timing reify Completed in 1580ms
70 silly ADD node_modules/types-registry
71 timing command:install Completed in 1583ms
72 verbose exit 0
73 timing npm Completed in 1604ms
74 info ok
