0 verbose cli /usr/local/bin/node /usr/local/bin/npm
1 info using npm@9.5.1
2 info using node@v18.16.1
3 timing npm:load:whichnode Completed in 1ms
4 timing config:load:defaults Completed in 1ms
5 timing config:load:file:/usr/local/lib/node_modules/npm/npmrc Completed in 1ms
6 timing config:load:builtin Completed in 1ms
7 timing config:load:cli Completed in 1ms
8 timing config:load:env Completed in 0ms
9 timing config:load:file:/Users/Sabri/Downloads/Créez_une_page_web_dynamique_avec_JavaScript_karoumi_sabri_p3/Backend/.npmrc Completed in 0ms
10 timing config:load:project Completed in 1ms
11 timing config:load:file:/Users/Sabri/.npmrc Completed in 0ms
12 timing config:load:user Completed in 0ms
13 timing config:load:file:/usr/local/etc/npmrc Completed in 0ms
14 timing config:load:global Completed in 0ms
15 timing config:load:setEnvs Completed in 1ms
16 timing config:load Completed in 5ms
17 timing npm:load:configload Completed in 5ms
18 timing npm:load:mkdirpcache Completed in 0ms
19 timing npm:load:mkdirplogs Completed in 0ms
20 verbose title npm install
21 verbose argv "install"
22 timing npm:load:setTitle Completed in 7ms
23 timing config:load:flatten Completed in 2ms
24 timing npm:load:display Completed in 3ms
25 verbose logfile logs-max:10 dir:/Users/Sabri/.npm/_logs/2023-09-14T15_20_02_680Z-
26 verbose logfile /Users/Sabri/.npm/_logs/2023-09-14T15_20_02_680Z-debug-0.log
27 timing npm:load:logFile Completed in 4ms
28 timing npm:load:timers Completed in 0ms
29 timing npm:load:configScope Completed in 0ms
30 timing npm:load Completed in 20ms
31 timing arborist:ctor Completed in 0ms
32 silly logfile start cleaning logs, removing 1 files
33 silly logfile done cleaning log files
34 timing idealTree:init Completed in 91ms
35 timing idealTree:userRequests Completed in 0ms
36 silly idealTree buildDeps
37 timing idealTree:#root Completed in 0ms
38 timing idealTree:buildDeps Completed in 1ms
39 timing idealTree:fixDepFlags Completed in 0ms
40 timing idealTree Completed in 95ms
41 timing reify:loadTrees Completed in 101ms
42 timing reify:diffTrees Completed in 2ms
43 silly reify moves {}
44 timing reify:retireShallow Completed in 1ms
45 timing reify:createSparse Completed in 21ms
46 timing reify:loadBundles Completed in 0ms
47 silly audit bulk request {
47 silly audit   '@gar/promisify': [ '1.1.3' ],
47 silly audit   '@mapbox/node-pre-gyp': [ '1.0.11' ],
47 silly audit   '@npmcli/fs': [ '1.1.1' ],
47 silly audit   '@npmcli/move-file': [ '1.1.2' ],
47 silly audit   '@tootallnate/once': [ '1.1.2' ],
47 silly audit   '@types/debug': [ '4.1.8' ],
47 silly audit   '@types/ms': [ '0.7.31' ],
47 silly audit   '@types/node': [ '17.0.27' ],
47 silly audit   '@types/validator': [ '13.11.1' ],
47 silly audit   abbrev: [ '1.1.1' ],
47 silly audit   accepts: [ '1.3.8' ],
47 silly audit   'agent-base': [ '6.0.2' ],
47 silly audit   debug: [ '4.3.4', '2.6.9', '3.2.7' ],
47 silly audit   ms: [ '2.1.2', '2.1.3', '2.0.0' ],
47 silly audit   agentkeepalive: [ '4.2.1' ],
47 silly audit   depd: [ '1.1.2', '2.0.0' ],
47 silly audit   'aggregate-error': [ '3.1.0' ],
47 silly audit   'ansi-regex': [ '5.0.1' ],
47 silly audit   anymatch: [ '3.1.2' ],
47 silly audit   'append-field': [ '1.0.0' ],
47 silly audit   aproba: [ '2.0.0' ],
47 silly audit   'are-we-there-yet': [ '2.0.0', '3.0.0' ],
47 silly audit   argparse: [ '1.0.10' ],
47 silly audit   'array-flatten': [ '1.1.1' ],
47 silly audit   'balanced-match': [ '1.0.2' ],
47 silly audit   bcrypt: [ '5.1.1' ],
47 silly audit   'node-addon-api': [ '5.1.0', '4.3.0' ],
47 silly audit   'binary-extensions': [ '2.2.0' ],
47 silly audit   'body-parser': [ '1.20.0' ],
47 silly audit   'brace-expansion': [ '1.1.11' ],
47 silly audit   braces: [ '3.0.2' ],
47 silly audit   'buffer-equal-constant-time': [ '1.0.1' ],
47 silly audit   'buffer-from': [ '1.1.2' ],
47 silly audit   busboy: [ '0.2.14' ],
47 silly audit   'readable-stream': [ '1.1.14', '2.3.7', '3.6.0' ],
47 silly audit   string_decoder: [ '0.10.31', '1.1.1', '1.3.0' ],
47 silly audit   bytes: [ '3.1.2' ],
47 silly audit   cacache: [ '15.3.0' ],
47 silly audit   'call-bind': [ '1.0.2' ],
47 silly audit   chokidar: [ '3.5.3' ],
47 silly audit   chownr: [ '2.0.0' ],
47 silly audit   'clean-stack': [ '2.2.0' ],
47 silly audit   'color-support': [ '1.1.3' ],
47 silly audit   'concat-map': [ '0.0.1' ],
47 silly audit   'concat-stream': [ '1.6.2' ],
47 silly audit   isarray: [ '1.0.0', '0.0.1' ],
47 silly audit   'safe-buffer': [ '5.1.2', '5.2.1' ],
47 silly audit   'console-control-strings': [ '1.1.0' ],
47 silly audit   'content-disposition': [ '0.5.4' ],
47 silly audit   'content-type': [ '1.0.4' ],
47 silly audit   cookie: [ '0.5.0' ],
47 silly audit   'cookie-signature': [ '1.0.6' ],
47 silly audit   'core-util-is': [ '1.0.3' ],
47 silly audit   cors: [ '2.8.5' ],
47 silly audit   delegates: [ '1.0.0' ],
47 silly audit   destroy: [ '1.2.0' ],
47 silly audit   'detect-libc': [ '2.0.1' ],
47 silly audit   dicer: [ '0.2.5' ],
47 silly audit   dotenv: [ '16.0.0' ],
47 silly audit   dottie: [ '2.0.6' ],
47 silly audit   'ecdsa-sig-formatter': [ '1.0.11' ],
47 silly audit   'ee-first': [ '1.1.1' ],
47 silly audit   'emoji-regex': [ '8.0.0' ],
47 silly audit   encodeurl: [ '1.0.2' ],
47 silly audit   encoding: [ '0.1.13' ],
47 silly audit   'iconv-lite': [ '0.6.3', '0.4.24' ],
47 silly audit   'env-paths': [ '2.2.1' ],
47 silly audit   'err-code': [ '2.0.3' ],
47 silly audit   'escape-html': [ '1.0.3' ],
47 silly audit   etag: [ '1.8.1' ],
47 silly audit   express: [ '4.18.0' ],
47 silly audit   'fill-range': [ '7.0.1' ],
47 silly audit   finalhandler: [ '1.2.0' ],
47 silly audit   forwarded: [ '0.2.0' ],
47 silly audit   fresh: [ '0.5.2' ],
47 silly audit   'fs-minipass': [ '2.1.0' ],
47 silly audit   'fs.realpath': [ '1.0.0' ],
47 silly audit   fsevents: [ '2.3.2' ],
47 silly audit   'function-bind': [ '1.1.1' ],
47 silly audit   gauge: [ '3.0.2', '4.0.4' ],
47 silly audit   'get-intrinsic': [ '1.1.1' ],
47 silly audit   glob: [ '7.2.0' ],
47 silly audit   'glob-parent': [ '5.1.2' ],
47 silly audit   'graceful-fs': [ '4.2.10' ],
47 silly audit   has: [ '1.0.3' ],
47 silly audit   'has-flag': [ '3.0.0' ],
47 silly audit   'has-symbols': [ '1.0.3' ],
47 silly audit   'has-unicode': [ '2.0.1' ],
47 silly audit   helmet: [ '5.0.2' ],
47 silly audit   'http-cache-semantics': [ '4.1.1' ],
47 silly audit   'http-errors': [ '2.0.0' ],
47 silly audit   'http-proxy-agent': [ '4.0.1' ],
47 silly audit   'https-proxy-agent': [ '5.0.1' ],
47 silly audit   'humanize-ms': [ '1.2.1' ],
47 silly audit   'ignore-by-default': [ '1.0.1' ],
47 silly audit   imurmurhash: [ '0.1.4' ],
47 silly audit   'indent-string': [ '4.0.0' ],
47 silly audit   'infer-owner': [ '1.0.4' ],
47 silly audit   inflection: [ '1.13.4' ],
47 silly audit   inflight: [ '1.0.6' ],
47 silly audit   inherits: [ '2.0.4' ],
47 silly audit   ip: [ '1.1.5' ],
47 silly audit   'ipaddr.js': [ '1.9.1' ],
47 silly audit   'is-binary-path': [ '2.1.0' ],
47 silly audit   'is-extglob': [ '2.1.1' ],
47 silly audit   'is-fullwidth-code-point': [ '3.0.0' ],
47 silly audit   'is-glob': [ '4.0.3' ],
47 silly audit   'is-lambda': [ '1.0.1' ],
47 silly audit   'is-number': [ '7.0.0' ],
47 silly audit   isexe: [ '2.0.0' ],
47 silly audit   jsonwebtoken: [ '9.0.0' ],
47 silly audit   jwa: [ '1.4.1' ],
47 silly audit   jws: [ '3.2.2' ],
47 silly audit   lodash: [ '4.17.21' ],
47 silly audit   'lru-cache': [ '6.0.0' ],
47 silly audit   'make-dir': [ '3.1.0' ],
47 silly audit   semver: [ '6.3.1', '5.7.2', '7.5.4', '7.0.0' ],
47 silly audit   'make-fetch-happen': [ '9.1.0' ],
47 silly audit   'media-typer': [ '0.3.0' ],
47 silly audit   'merge-descriptors': [ '1.0.1' ],
47 silly audit   methods: [ '1.1.2' ],
47 silly audit   mime: [ '1.6.0' ],
47 silly audit   'mime-db': [ '1.52.0' ],
47 silly audit   'mime-types': [ '2.1.35' ],
47 silly audit   minimatch: [ '3.1.2' ],
47 silly audit   minimist: [ '1.2.6' ],
47 silly audit   minipass: [ '3.1.6' ],
47 silly audit   'minipass-collect': [ '1.0.2' ],
47 silly audit   'minipass-fetch': [ '1.4.1' ],
47 silly audit   'minipass-flush': [ '1.0.5' ],
47 silly audit   'minipass-pipeline': [ '1.2.4' ],
47 silly audit   'minipass-sized': [ '1.0.3' ],
47 silly audit   minizlib: [ '2.1.2' ],
47 silly audit   mkdirp: [ '1.0.4', '0.5.6' ],
47 silly audit   moment: [ '2.29.4' ],
47 silly audit   'moment-timezone': [ '0.5.43' ],
47 silly audit   multer: [ '1.4.4' ],
47 silly audit   negotiator: [ '0.6.3' ],
47 silly audit   'node-fetch': [ '2.6.7' ],
47 silly audit   'node-gyp': [ '8.4.1' ],
47 silly audit   npmlog: [ '6.0.2', '5.0.1' ],
47 silly audit   nodemon: [ '2.0.20' ],
47 silly audit   nopt: [ '5.0.0', '1.0.10' ],
47 silly audit   'normalize-path': [ '3.0.0' ],
47 silly audit   'object-assign': [ '4.1.1' ],
47 silly audit   'object-inspect': [ '1.12.0' ],
47 silly audit   'on-finished': [ '2.4.1' ],
47 silly audit   once: [ '1.4.0' ],
47 silly audit   'p-map': [ '4.0.0' ],
47 silly audit   parseurl: [ '1.3.3' ],
47 silly audit   'path-is-absolute': [ '1.0.1' ],
47 silly audit   'path-to-regexp': [ '0.1.7' ],
47 silly audit   'pg-connection-string': [ '2.6.2' ],
47 silly audit   picomatch: [ '2.3.1' ],
47 silly audit   'process-nextick-args': [ '2.0.1' ],
47 silly audit   'promise-inflight': [ '1.0.1' ],
47 silly audit   'promise-retry': [ '2.0.1' ],
47 silly audit   'proxy-addr': [ '2.0.7' ],
47 silly audit   'pstree.remy': [ '1.1.8' ],
47 silly audit   qs: [ '6.10.3' ],
47 silly audit   'range-parser': [ '1.2.1' ],
47 silly audit   'raw-body': [ '2.5.1' ],
47 silly audit   readdirp: [ '3.6.0' ],
47 silly audit   retry: [ '0.12.0' ],
47 silly audit   'retry-as-promised': [ '7.0.4' ],
47 silly audit   rimraf: [ '3.0.2' ],
47 silly audit   'safer-buffer': [ '2.1.2' ],
47 silly audit   send: [ '0.18.0' ],
47 silly audit   sequelize: [ '6.32.1' ],
47 silly audit   'sequelize-pool': [ '7.1.0' ],
47 silly audit   'serve-static': [ '1.15.0' ],
47 silly audit   'set-blocking': [ '2.0.0' ],
47 silly audit   setprototypeof: [ '1.2.0' ],
47 silly audit   'side-channel': [ '1.0.4' ],
47 silly audit   'signal-exit': [ '3.0.7' ],
47 silly audit   'simple-update-notifier': [ '1.1.0' ],
47 silly audit   'smart-buffer': [ '4.2.0' ],
47 silly audit   socks: [ '2.6.2' ],
47 silly audit   'socks-proxy-agent': [ '6.2.0' ],
47 silly audit   'sprintf-js': [ '1.0.3' ],
47 silly audit   sqlite3: [ '5.1.6' ],
47 silly audit   ssri: [ '8.0.1' ],
47 silly audit   statuses: [ '2.0.1' ],
47 silly audit   streamsearch: [ '0.1.2' ],
47 silly audit   'string-width': [ '4.2.3' ],
47 silly audit   'strip-ansi': [ '6.0.1' ],
47 silly audit   'supports-color': [ '5.5.0' ],
47 silly audit   'swagger-ui-dist': [ '4.11.0' ],
47 silly audit   'swagger-ui-express': [ '4.3.0' ],
47 silly audit   tar: [ '6.1.11' ],
47 silly audit   'to-regex-range': [ '5.0.1' ],
47 silly audit   toidentifier: [ '1.0.1' ],
47 silly audit   'toposort-class': [ '1.0.1' ],
47 silly audit   touch: [ '3.1.0' ],
47 silly audit   tr46: [ '0.0.3' ],
47 silly audit   'type-is': [ '1.6.18' ],
47 silly audit   typedarray: [ '0.0.6' ],
47 silly audit   undefsafe: [ '2.0.5' ],
47 silly audit   'unique-filename': [ '1.1.1' ],
47 silly audit   'unique-slug': [ '2.0.2' ],
47 silly audit   unpipe: [ '1.0.0' ],
47 silly audit   'util-deprecate': [ '1.0.2' ],
47 silly audit   'utils-merge': [ '1.0.1' ],
47 silly audit   uuid: [ '8.3.2' ],
47 silly audit   validator: [ '13.11.0' ],
47 silly audit   vary: [ '1.1.2' ],
47 silly audit   'webidl-conversions': [ '3.0.1' ],
47 silly audit   'whatwg-url': [ '5.0.0' ],
47 silly audit   which: [ '2.0.2' ],
47 silly audit   'wide-align': [ '1.1.5' ],
47 silly audit   wkx: [ '0.5.0' ],
47 silly audit   wrappy: [ '1.0.2' ],
47 silly audit   xtend: [ '4.0.2' ],
47 silly audit   yallist: [ '4.0.0' ],
47 silly audit   yamljs: [ '0.3.0' ]
47 silly audit }
48 timing reifyNode:node_modules/wide-align Completed in 497ms
49 timing reifyNode:node_modules/wrappy Completed in 497ms
50 timing reifyNode:node_modules/promise-inflight Completed in 496ms
51 timing reifyNode:node_modules/process-nextick-args Completed in 496ms
52 timing reifyNode:node_modules/path-is-absolute Completed in 496ms
53 timing reifyNode:node_modules/once Completed in 496ms
54 timing reifyNode:node_modules/object-assign Completed in 497ms
55 timing reifyNode:node_modules/normalize-path Completed in 498ms
56 timing reifyNode:node_modules/ms Completed in 498ms
57 timing reifyNode:node_modules/minipass-pipeline Completed in 498ms
58 timing reifyNode:node_modules/minipass-flush Completed in 499ms
59 timing reifyNode:node_modules/minipass-collect Completed in 499ms
60 timing reifyNode:node_modules/is-number Completed in 500ms
61 timing reifyNode:node_modules/is-extglob Completed in 500ms
62 timing reifyNode:node_modules/inflight Completed in 500ms
63 timing reifyNode:node_modules/ignore-by-default Completed in 499ms
64 timing reifyNode:node_modules/imurmurhash Completed in 501ms
65 timing reifyNode:node_modules/has-unicode Completed in 500ms
66 timing reifyNode:node_modules/has-flag Completed in 500ms
67 timing reifyNode:node_modules/infer-owner Completed in 502ms
68 timing reifyNode:node_modules/escape-html Completed in 501ms
69 timing reifyNode:node_modules/dottie Completed in 501ms
70 timing reifyNode:node_modules/ee-first Completed in 502ms
71 timing reifyNode:node_modules/destroy Completed in 504ms
72 timing reifyNode:node_modules/concat-stream Completed in 504ms
73 timing reifyNode:node_modules/chownr Completed in 504ms
74 timing reifyNode:node_modules/brace-expansion Completed in 503ms
75 timing reifyNode:node_modules/buffer-from Completed in 503ms
76 timing reifyNode:node_modules/array-flatten Completed in 503ms
77 timing reifyNode:node_modules/@types/debug Completed in 503ms
78 timing reifyNode:node_modules/abbrev Completed in 504ms
79 timing reifyNode:node_modules/@gar/promisify Completed in 504ms
80 timing reifyNode:node_modules/@types/ms Completed in 506ms
81 timing reifyNode:node_modules/socks-proxy-agent/node_modules/ms Completed in 518ms
82 timing reifyNode:node_modules/sequelize/node_modules/ms Completed in 517ms
83 timing reifyNode:node_modules/@npmcli/move-file Completed in 509ms
84 timing reifyNode:node_modules/nodemon/node_modules/ms Completed in 518ms
85 timing reifyNode:node_modules/https-proxy-agent/node_modules/ms Completed in 515ms
86 timing reifyNode:node_modules/send/node_modules/ms Completed in 519ms
87 timing reifyNode:node_modules/jsonwebtoken/node_modules/ms Completed in 516ms
88 timing reifyNode:node_modules/agent-base/node_modules/ms Completed in 511ms
89 timing reifyNode:node_modules/agentkeepalive/node_modules/ms Completed in 512ms
90 timing reifyNode:node_modules/vary Completed in 523ms
91 timing reifyNode:node_modules/webidl-conversions Completed in 523ms
92 timing reifyNode:node_modules/http-proxy-agent/node_modules/ms Completed in 517ms
93 timing reifyNode:node_modules/type-is Completed in 523ms
94 timing reifyNode:node_modules/utils-merge Completed in 524ms
95 timing reifyNode:node_modules/swagger-ui-express Completed in 523ms
96 timing reifyNode:node_modules/supports-color Completed in 523ms
97 timing reifyNode:node_modules/string-width Completed in 523ms
98 timing reifyNode:node_modules/toidentifier Completed in 523ms
99 timing reifyNode:node_modules/to-regex-range Completed in 523ms
100 timing reifyNode:node_modules/unpipe Completed in 524ms
101 timing reifyNode:node_modules/strip-ansi Completed in 523ms
102 timing reifyNode:node_modules/streamsearch Completed in 523ms
103 timing reifyNode:node_modules/signal-exit Completed in 524ms
104 timing reifyNode:node_modules/set-blocking Completed in 523ms
105 timing reifyNode:node_modules/range-parser Completed in 523ms
106 timing reifyNode:node_modules/parseurl Completed in 522ms
107 timing reifyNode:node_modules/path-to-regexp Completed in 523ms
108 timing reifyNode:node_modules/pg-connection-string Completed in 523ms
109 timing reifyNode:node_modules/npmlog Completed in 523ms
110 timing reifyNode:node_modules/p-map Completed in 523ms
111 timing reifyNode:node_modules/methods Completed in 524ms
112 timing reifyNode:node_modules/merge-descriptors Completed in 524ms
113 timing reifyNode:node_modules/make-dir Completed in 524ms
114 timing reifyNode:node_modules/media-typer Completed in 524ms
115 timing reifyNode:node_modules/lru-cache Completed in 524ms
116 timing reifyNode:node_modules/is-fullwidth-code-point Completed in 524ms
117 timing reifyNode:node_modules/is-binary-path Completed in 524ms
118 timing reifyNode:node_modules/inherits Completed in 525ms
119 timing reifyNode:node_modules/indent-string Completed in 526ms
120 timing reifyNode:node_modules/humanize-ms Completed in 525ms
121 timing reifyNode:node_modules/jwa Completed in 526ms
122 timing reifyNode:node_modules/http-errors Completed in 525ms
123 timing reifyNode:node_modules/is-glob Completed in 526ms
124 timing reifyNode:node_modules/glob-parent Completed in 526ms
125 timing reifyNode:node_modules/fs-minipass Completed in 525ms
126 timing reifyNode:node_modules/fill-range Completed in 525ms
127 timing reifyNode:node_modules/fresh Completed in 525ms
128 timing reifyNode:node_modules/forwarded Completed in 526ms
129 timing reifyNode:node_modules/encodeurl Completed in 526ms
130 timing reifyNode:node_modules/env-paths Completed in 526ms
131 timing reifyNode:node_modules/etag Completed in 526ms
132 timing reifyNode:node_modules/cookie-signature Completed in 526ms
133 timing reifyNode:node_modules/core-util-is Completed in 526ms
134 timing reifyNode:node_modules/content-type Completed in 525ms
135 timing reifyNode:node_modules/console-control-strings Completed in 526ms
136 timing reifyNode:node_modules/clean-stack Completed in 526ms
137 timing reifyNode:node_modules/bytes Completed in 524ms
138 timing reifyNode:node_modules/aproba Completed in 524ms
139 timing reifyNode:node_modules/anymatch Completed in 524ms
140 timing reifyNode:node_modules/aggregate-error Completed in 525ms
141 timing reifyNode:node_modules/accepts Completed in 524ms
142 timing reifyNode:node_modules/ansi-regex Completed in 525ms
143 timing reifyNode:node_modules/@tootallnate/once Completed in 524ms
144 timing reifyNode:node_modules/dicer/node_modules/string_decoder Completed in 529ms
145 timing reifyNode:node_modules/busboy/node_modules/string_decoder Completed in 526ms
146 timing reifyNode:node_modules/util-deprecate Completed in 537ms
147 timing reifyNode:node_modules/yallist Completed in 538ms
148 timing reifyNode:node_modules/touch Completed in 537ms
149 timing reifyNode:node_modules/string_decoder Completed in 536ms
150 timing reifyNode:node_modules/proxy-addr Completed in 536ms
151 timing reifyNode:node_modules/on-finished Completed in 535ms
152 timing reifyNode:node_modules/isarray Completed in 534ms
153 timing reifyNode:node_modules/fs.realpath Completed in 538ms
154 timing reifyNode:node_modules/color-support Completed in 537ms
155 timing reifyNode:node_modules/balanced-match Completed in 536ms
156 timing reifyNode:node_modules/node-gyp/node_modules/npmlog Completed in 543ms
157 timing reifyNode:node_modules/xtend Completed in 548ms
158 timing reifyNode:node_modules/unique-slug Completed in 547ms
159 timing reifyNode:node_modules/which Completed in 547ms
160 timing reifyNode:node_modules/statuses Completed in 547ms
161 timing reifyNode:node_modules/ssri Completed in 547ms
162 timing reifyNode:node_modules/serve-static Completed in 547ms
163 timing reifyNode:node_modules/readdirp Completed in 547ms
164 timing reifyNode:node_modules/setprototypeof Completed in 547ms
165 timing reifyNode:node_modules/minizlib Completed in 546ms
166 timing reifyNode:node_modules/mime-types Completed in 546ms
167 timing reifyNode:node_modules/minimatch Completed in 546ms
168 timing reifyNode:node_modules/minipass Completed in 547ms
169 timing reifyNode:node_modules/is-lambda Completed in 546ms
170 timing reifyNode:node_modules/http-cache-semantics Completed in 546ms
171 timing reifyNode:node_modules/has Completed in 546ms
172 timing reifyNode:node_modules/content-disposition Completed in 544ms
173 timing reifyNode:node_modules/buffer-equal-constant-time Completed in 543ms
174 timing reifyNode:node_modules/binary-extensions Completed in 543ms
175 timing reifyNode:node_modules/multer/node_modules/mkdirp Completed in 549ms
176 timing reifyNode:node_modules/concat-stream/node_modules/string_decoder Completed in 546ms
177 timing reifyNode:node_modules/concat-stream/node_modules/safe-buffer Completed in 546ms
178 timing reifyNode:node_modules/socks-proxy-agent Completed in 554ms
179 timing reifyNode:node_modules/rimraf Completed in 553ms
180 timing reifyNode:node_modules/safe-buffer Completed in 554ms
181 timing reifyNode:node_modules/graceful-fs Completed in 552ms
182 timing reifyNode:node_modules/finalhandler Completed in 551ms
183 timing reifyNode:node_modules/cookie Completed in 550ms
184 timing reifyNode:node_modules/concat-stream/node_modules/isarray Completed in 551ms
185 timing reifyNode:node_modules/raw-body Completed in 560ms
186 timing reifyNode:node_modules/http-proxy-agent Completed in 558ms
187 timing reifyNode:node_modules/detect-libc Completed in 558ms
188 timing reifyNode:node_modules/delegates Completed in 559ms
189 timing reifyNode:node_modules/concat-map Completed in 558ms
190 timing reifyNode:node_modules/cors Completed in 559ms
191 timing reifyNode:node_modules/encoding Completed in 560ms
192 timing reifyNode:node_modules/sequelize/node_modules/debug Completed in 565ms
193 timing reifyNode:node_modules/socks-proxy-agent/node_modules/debug Completed in 567ms
194 timing reifyNode:node_modules/http-proxy-agent/node_modules/debug Completed in 562ms
195 timing reifyNode:node_modules/https-proxy-agent/node_modules/debug Completed in 563ms
196 timing reifyNode:node_modules/agentkeepalive/node_modules/debug Completed in 558ms
197 timing reifyNode:node_modules/agent-base/node_modules/debug Completed in 559ms
198 timing reifyNode:node_modules/safer-buffer Completed in 569ms
199 timing reifyNode:node_modules/nopt Completed in 568ms
200 timing reifyNode:node_modules/isexe Completed in 567ms
201 timing reifyNode:node_modules/depd Completed in 565ms
202 timing reifyNode:node_modules/ecdsa-sig-formatter Completed in 566ms
203 timing reifyNode:node_modules/append-field Completed in 563ms
204 timing reifyNode:node_modules/are-we-there-yet Completed in 565ms
205 timing reifyNode:node_modules/touch/node_modules/nopt Completed in 579ms
206 timing reifyNode:node_modules/node-gyp/node_modules/are-we-there-yet Completed in 576ms
207 timing reifyNode:node_modules/promise-retry Completed in 578ms
208 timing reifyNode:node_modules/ipaddr.js Completed in 576ms
209 timing reifyNode:node_modules/err-code Completed in 574ms
210 timing reifyNode:node_modules/glob Completed in 575ms
211 timing reifyNode:node_modules/undefsafe Completed in 583ms
212 timing reifyNode:node_modules/send Completed in 581ms
213 timing reifyNode:node_modules/jws Completed in 579ms
214 timing reifyNode:node_modules/inflection Completed in 580ms
215 timing reifyNode:node_modules/emoji-regex Completed in 579ms
216 timing reifyNode:node_modules/make-dir/node_modules/semver Completed in 582ms
217 timing reifyNode:node_modules/whatwg-url Completed in 587ms
218 timing reifyNode:node_modules/typedarray Completed in 588ms
219 timing reifyNode:node_modules/nodemon/node_modules/semver Completed in 585ms
220 timing reifyNode:node_modules/negotiator Completed in 585ms
221 timing reifyNode:node_modules/nodemon/node_modules/debug Completed in 588ms
222 timing reifyNode:node_modules/side-channel Completed in 590ms
223 timing reifyNode:node_modules/mkdirp Completed in 588ms
224 timing reifyNode:node_modules/retry-as-promised Completed in 594ms
225 timing reifyNode:node_modules/mime Completed in 594ms
226 timing reifyNode:node_modules/ip Completed in 593ms
227 timing reifyNode:node_modules/dotenv Completed in 592ms
228 timing reifyNode:node_modules/function-bind Completed in 594ms
229 timing reifyNode:node_modules/agentkeepalive Completed in 591ms
230 timing reifyNode:node_modules/pstree.remy Completed in 600ms
231 timing reifyNode:node_modules/multer Completed in 598ms
232 timing reifyNode:node_modules/minipass-sized Completed in 598ms
233 timing reifyNode:node_modules/https-proxy-agent Completed in 597ms
234 timing reifyNode:node_modules/get-intrinsic Completed in 599ms
235 timing reifyNode:node_modules/fsevents Completed in 600ms
236 timing reifyNode:node_modules/braces Completed in 596ms
237 timing reifyNode:node_modules/call-bind Completed in 599ms
238 timing reifyNode:node_modules/minipass-fetch Completed in 607ms
239 timing reifyNode:node_modules/simple-update-notifier Completed in 613ms
240 timing reifyNode:node_modules/picomatch Completed in 611ms
241 timing reifyNode:node_modules/agent-base Completed in 604ms
242 timing reifyNode:node_modules/chokidar Completed in 608ms
243 timing reifyNode:node_modules/agentkeepalive/node_modules/depd Completed in 607ms
244 timing reifyNode:node_modules/node-fetch Completed in 616ms
245 timing reifyNode:node_modules/toposort-class Completed in 630ms
246 timing reifyNode:node_modules/mime-db Completed in 627ms
247 timing reifyNode:node_modules/has-symbols Completed in 625ms
248 timing reifyNode:node_modules/retry Completed in 632ms
249 timing reifyNode:node_modules/jsonwebtoken Completed in 630ms
250 timing reifyNode:node_modules/body-parser Completed in 626ms
251 http fetch POST 200 https://registry.npmjs.org/-/npm/v1/security/advisories/bulk 643ms
252 timing auditReport:getReport Completed in 648ms
253 silly audit report {
253 silly audit report   dicer: [
253 silly audit report     {
253 silly audit report       id: 1093150,
253 silly audit report       url: 'https://github.com/advisories/GHSA-wm7h-9275-46v2',
253 silly audit report       title: 'Crash in HeaderParser in dicer',
253 silly audit report       severity: 'high',
253 silly audit report       vulnerable_versions: '<=0.3.1',
253 silly audit report       cwe: [Array],
253 silly audit report       cvss: [Object]
253 silly audit report     }
253 silly audit report   ],
253 silly audit report   semver: [
253 silly audit report     {
253 silly audit report       id: 1093264,
253 silly audit report       url: 'https://github.com/advisories/GHSA-c2qf-rxjj-qqgw',
253 silly audit report       title: 'semver vulnerable to Regular Expression Denial of Service',
253 silly audit report       severity: 'moderate',
253 silly audit report       vulnerable_versions: '>=7.0.0 <7.5.2',
253 silly audit report       cwe: [Array],
253 silly audit report       cvss: [Object]
253 silly audit report     }
253 silly audit report   ]
253 silly audit report }
254 timing reifyNode:node_modules/make-fetch-happen Completed in 641ms
255 timing reifyNode:node_modules/gauge Completed in 640ms
256 timing reifyNode:node_modules/tr46 Completed in 646ms
257 timing reifyNode:node_modules/debug Completed in 640ms
258 timing reifyNode:node_modules/dicer/node_modules/readable-stream Completed in 641ms
259 timing reifyNode:node_modules/busboy/node_modules/readable-stream Completed in 638ms
260 timing reifyNode:node_modules/sprintf-js Completed in 650ms
261 timing reifyNode:node_modules/node-gyp/node_modules/gauge Completed in 651ms
262 timing reifyNode:node_modules/unique-filename Completed in 654ms
263 timing reifyNode:node_modules/smart-buffer Completed in 664ms
264 timing reifyNode:node_modules/sequelize-pool Completed in 663ms
265 timing reifyNode:node_modules/minimist Completed in 663ms
266 timing metavuln:cache:get:security-advisory:dicer:okKobrdlSkitrtk29zlIO+L1wIWcNLZYlBw7m9PQsKM/jf4TWhcwiPumpK0MJnivDpxle2HN0b+DxXajmyqHLQ== Completed in 39ms
267 timing metavuln:cache:get:security-advisory:semver:QOiLWUW91ttGunirVTBb4H1yCzzSgBan1koq6ouAtmrfkHTHTd8VFTM5X4rBVXabv7Sr0sKo4HJXtfFbV76tPA== Completed in 42ms
268 timing reifyNode:node_modules/cacache Completed in 678ms
269 timing reifyNode:node_modules/express Completed in 691ms
270 timing reifyNode:node_modules/@npmcli/fs Completed in 690ms
271 timing reifyNode:node_modules/qs Completed in 701ms
272 timing reifyNode:node_modules/concat-stream/node_modules/readable-stream Completed in 713ms
273 timing reifyNode:node_modules/readable-stream Completed in 727ms
274 timing reifyNode:node_modules/argparse Completed in 732ms
275 timing reifyNode:node_modules/wkx Completed in 745ms
276 timing reifyNode:node_modules/bcrypt Completed in 737ms
277 timing reifyNode:node_modules/tar Completed in 751ms
278 timing reifyNode:node_modules/bcrypt/node_modules/node-addon-api Completed in 743ms
279 timing reifyNode:node_modules/object-inspect Completed in 750ms
280 timing reifyNode:node_modules/iconv-lite Completed in 748ms
281 timing reifyNode:node_modules/node-addon-api Completed in 754ms
282 http fetch GET 200 https://registry.npmjs.org/dicer 135ms (cache revalidated)
283 timing metavuln:packument:dicer Completed in 137ms
284 timing metavuln:load:security-advisory:dicer:1093150 Completed in 1ms
285 timing metavuln:calculate:security-advisory:dicer:1093150 Completed in 139ms
286 timing reifyNode:node_modules/@mapbox/node-pre-gyp Completed in 777ms
287 timing reifyNode:node_modules/simple-update-notifier/node_modules/semver Completed in 795ms
288 timing reifyNode:node_modules/busboy Completed in 790ms
289 timing reifyNode:node_modules/semver Completed in 803ms
290 http fetch GET 200 https://registry.npmjs.org/semver 169ms (cache revalidated)
291 timing metavuln:packument:semver Completed in 170ms
292 timing metavuln:load:security-advisory:semver:1093264 Completed in 2ms
293 timing metavuln:calculate:security-advisory:semver:1093264 Completed in 172ms
294 timing reifyNode:node_modules/socks Completed in 816ms
295 timing reifyNode:node_modules/encoding/node_modules/iconv-lite Completed in 818ms
296 timing reifyNode:node_modules/nodemon Completed in 833ms
297 timing metavuln:cache:get:security-advisory:busboy:hLagQYjENjqkA4bmim08b9dr4AmEqQV1YPZoF6tIRyGx9xtqHep73cO/ZbJUrJ6eynTiwUXwT2ye9nj5yM89nA== Completed in 22ms
298 timing reifyNode:node_modules/uuid Completed in 855ms
299 timing reifyNode:node_modules/dicer Completed in 852ms
300 timing reifyNode:node_modules/helmet Completed in 875ms
301 timing reifyNode:node_modules/yamljs Completed in 887ms
302 http fetch GET 200 https://registry.npmjs.org/busboy 74ms (cache revalidated)
303 timing metavuln:packument:busboy Completed in 74ms
304 timing metavuln:load:security-advisory:busboy:okKobrdlSkitrtk29zlIO+L1wIWcNLZYlBw7m9PQsKM/jf4TWhcwiPumpK0MJnivDpxle2HN0b+DxXajmyqHLQ== Completed in 1ms
305 timing metavuln:calculate:security-advisory:busboy:okKobrdlSkitrtk29zlIO+L1wIWcNLZYlBw7m9PQsKM/jf4TWhcwiPumpK0MJnivDpxle2HN0b+DxXajmyqHLQ== Completed in 75ms
306 timing metavuln:cache:get:security-advisory:simple-update-notifier:z3UYvE+jr5b6GIbqIRtpzTq3oxGzrsEQERmFqGdW8C9PExzROQ7tFa17ffFF1YaPWNRvL4WaYGOEe1L/q4ekkA== Completed in 11ms
307 timing reifyNode:node_modules/@types/node Completed in 941ms
308 timing reifyNode:node_modules/@types/validator Completed in 951ms
309 http fetch GET 200 https://registry.npmjs.org/simple-update-notifier 73ms (cache revalidated)
310 timing metavuln:packument:simple-update-notifier Completed in 73ms
311 timing metavuln:load:security-advisory:simple-update-notifier:QOiLWUW91ttGunirVTBb4H1yCzzSgBan1koq6ouAtmrfkHTHTd8VFTM5X4rBVXabv7Sr0sKo4HJXtfFbV76tPA== Completed in 0ms
312 timing metavuln:calculate:security-advisory:simple-update-notifier:QOiLWUW91ttGunirVTBb4H1yCzzSgBan1koq6ouAtmrfkHTHTd8VFTM5X4rBVXabv7Sr0sKo4HJXtfFbV76tPA== Completed in 74ms
313 timing metavuln:cache:get:security-advisory:multer:4SgK6YroVsv/bIagpYoqhE66NJsaOBbViPaJMAif1ZvVidvcLLUfSIRb3E4C6lEvbhj++/yfCuJuBWLSwXHfjg== Completed in 5ms
314 timing reifyNode:node_modules/moment-timezone Completed in 983ms
315 timing reifyNode:node_modules/sqlite3 Completed in 995ms
316 http fetch GET 200 https://registry.npmjs.org/multer 61ms (cache revalidated)
317 timing metavuln:packument:multer Completed in 62ms
318 timing metavuln:load:security-advisory:multer:hLagQYjENjqkA4bmim08b9dr4AmEqQV1YPZoF6tIRyGx9xtqHep73cO/ZbJUrJ6eynTiwUXwT2ye9nj5yM89nA== Completed in 0ms
319 timing metavuln:calculate:security-advisory:multer:hLagQYjENjqkA4bmim08b9dr4AmEqQV1YPZoF6tIRyGx9xtqHep73cO/ZbJUrJ6eynTiwUXwT2ye9nj5yM89nA== Completed in 62ms
320 timing metavuln:cache:get:security-advisory:nodemon:xgsvGDAq6BeNnlbIQhFpKSkusOEnKDlOWaRTlzed25pxohtpwLvxX+IUcilcLv2lSSmY8QB1nARzxlAKe80fxQ== Completed in 4ms
321 timing reifyNode:node_modules/validator Completed in 1044ms
322 timing reifyNode:node_modules/node-gyp Completed in 1051ms
323 http fetch GET 200 https://registry.npmjs.org/nodemon 46ms (cache revalidated)
324 timing metavuln:packument:nodemon Completed in 49ms
325 timing metavuln:load:security-advisory:nodemon:z3UYvE+jr5b6GIbqIRtpzTq3oxGzrsEQERmFqGdW8C9PExzROQ7tFa17ffFF1YaPWNRvL4WaYGOEe1L/q4ekkA== Completed in 1ms
326 timing metavuln:calculate:security-advisory:nodemon:z3UYvE+jr5b6GIbqIRtpzTq3oxGzrsEQERmFqGdW8C9PExzROQ7tFa17ffFF1YaPWNRvL4WaYGOEe1L/q4ekkA== Completed in 50ms
327 timing auditReport:init Completed in 445ms
328 timing reify:audit Completed in 1094ms
329 timing reifyNode:node_modules/swagger-ui-dist Completed in 1138ms
330 timing reifyNode:node_modules/sequelize Completed in 1155ms
331 timing reifyNode:node_modules/moment Completed in 1206ms
332 timing reifyNode:node_modules/lodash Completed in 1243ms
333 timing reify:unpack Completed in 1249ms
334 timing reify:unretire Completed in 0ms
335 timing build:queue Completed in 9ms
336 timing build:link:node_modules/@mapbox/node-pre-gyp Completed in 7ms
337 timing build:link:node_modules/make-dir/node_modules/semver Completed in 5ms
338 timing build:link:node_modules/multer/node_modules/mkdirp Completed in 4ms
339 timing build:link:node_modules/node-gyp Completed in 6ms
340 timing build:link:node_modules/nodemon/node_modules/semver Completed in 4ms
341 timing build:link:node_modules/mime Completed in 6ms
342 timing build:link:node_modules/mkdirp Completed in 6ms
343 timing build:link:node_modules/simple-update-notifier/node_modules/semver Completed in 4ms
344 timing build:link:node_modules/touch/node_modules/nopt Completed in 4ms
345 timing build:link:node_modules/color-support Completed in 6ms
346 timing build:link:node_modules/nodemon Completed in 6ms
347 timing build:link:node_modules/nopt Completed in 6ms
348 timing build:link:node_modules/rimraf Completed in 5ms
349 timing build:link:node_modules/semver Completed in 5ms
350 timing build:link:node_modules/which Completed in 5ms
351 timing build:link:node_modules/touch Completed in 5ms
352 timing build:link:node_modules/uuid Completed in 5ms
353 timing build:link:node_modules/yamljs Completed in 5ms
354 timing build:link Completed in 7ms
355 info run bcrypt@5.1.1 install node_modules/bcrypt node-pre-gyp install --fallback-to-build
356 info run sqlite3@5.1.6 install node_modules/sqlite3 node-pre-gyp install --fallback-to-build
357 info run bcrypt@5.1.1 install { code: 0, signal: null }
358 timing build:run:install:node_modules/bcrypt Completed in 761ms
359 info run sqlite3@5.1.6 install { code: 0, signal: null }
360 timing build:run:install:node_modules/sqlite3 Completed in 984ms
361 timing build:run:install Completed in 992ms
362 timing build:deps Completed in 1008ms
363 timing build Completed in 1008ms
364 timing reify:build Completed in 1009ms
365 timing reify:trash Completed in 0ms
366 timing reify:save Completed in 36ms
367 timing reify Completed in 2445ms
368 silly ADD node_modules/yamljs
369 silly ADD node_modules/yallist
370 silly ADD node_modules/xtend
371 silly ADD node_modules/wrappy
372 silly ADD node_modules/wkx
373 silly ADD node_modules/wide-align
374 silly ADD node_modules/which
375 silly ADD node_modules/whatwg-url
376 silly ADD node_modules/webidl-conversions
377 silly ADD node_modules/vary
378 silly ADD node_modules/validator
379 silly ADD node_modules/uuid
380 silly ADD node_modules/utils-merge
381 silly ADD node_modules/util-deprecate
382 silly ADD node_modules/unpipe
383 silly ADD node_modules/unique-slug
384 silly ADD node_modules/unique-filename
385 silly ADD node_modules/undefsafe
386 silly ADD node_modules/typedarray
387 silly ADD node_modules/type-is
388 silly ADD node_modules/tr46
389 silly ADD node_modules/touch
390 silly ADD node_modules/touch/node_modules/nopt
391 silly ADD node_modules/toposort-class
392 silly ADD node_modules/toidentifier
393 silly ADD node_modules/to-regex-range
394 silly ADD node_modules/tar
395 silly ADD node_modules/swagger-ui-express
396 silly ADD node_modules/swagger-ui-dist
397 silly ADD node_modules/supports-color
398 silly ADD node_modules/strip-ansi
399 silly ADD node_modules/string-width
400 silly ADD node_modules/string_decoder
401 silly ADD node_modules/streamsearch
402 silly ADD node_modules/statuses
403 silly ADD node_modules/ssri
404 silly ADD node_modules/sqlite3
405 silly ADD node_modules/sprintf-js
406 silly ADD node_modules/socks-proxy-agent
407 silly ADD node_modules/socks-proxy-agent/node_modules/ms
408 silly ADD node_modules/socks-proxy-agent/node_modules/debug
409 silly ADD node_modules/socks
410 silly ADD node_modules/smart-buffer
411 silly ADD node_modules/simple-update-notifier
412 silly ADD node_modules/simple-update-notifier/node_modules/semver
413 silly ADD node_modules/signal-exit
414 silly ADD node_modules/side-channel
415 silly ADD node_modules/setprototypeof
416 silly ADD node_modules/set-blocking
417 silly ADD node_modules/serve-static
418 silly ADD node_modules/sequelize-pool
419 silly ADD node_modules/sequelize
420 silly ADD node_modules/sequelize/node_modules/ms
421 silly ADD node_modules/sequelize/node_modules/debug
422 silly ADD node_modules/send
423 silly ADD node_modules/send/node_modules/ms
424 silly ADD node_modules/semver
425 silly ADD node_modules/safer-buffer
426 silly ADD node_modules/safe-buffer
427 silly ADD node_modules/rimraf
428 silly ADD node_modules/retry-as-promised
429 silly ADD node_modules/retry
430 silly ADD node_modules/readdirp
431 silly ADD node_modules/readable-stream
432 silly ADD node_modules/raw-body
433 silly ADD node_modules/range-parser
434 silly ADD node_modules/qs
435 silly ADD node_modules/pstree.remy
436 silly ADD node_modules/proxy-addr
437 silly ADD node_modules/promise-retry
438 silly ADD node_modules/promise-inflight
439 silly ADD node_modules/process-nextick-args
440 silly ADD node_modules/picomatch
441 silly ADD node_modules/pg-connection-string
442 silly ADD node_modules/path-to-regexp
443 silly ADD node_modules/path-is-absolute
444 silly ADD node_modules/parseurl
445 silly ADD node_modules/p-map
446 silly ADD node_modules/once
447 silly ADD node_modules/on-finished
448 silly ADD node_modules/object-inspect
449 silly ADD node_modules/object-assign
450 silly ADD node_modules/npmlog
451 silly ADD node_modules/normalize-path
452 silly ADD node_modules/nopt
453 silly ADD node_modules/nodemon
454 silly ADD node_modules/nodemon/node_modules/semver
455 silly ADD node_modules/nodemon/node_modules/ms
456 silly ADD node_modules/nodemon/node_modules/debug
457 silly ADD node_modules/node-gyp
458 silly ADD node_modules/node-gyp/node_modules/npmlog
459 silly ADD node_modules/node-gyp/node_modules/gauge
460 silly ADD node_modules/node-gyp/node_modules/are-we-there-yet
461 silly ADD node_modules/node-fetch
462 silly ADD node_modules/node-addon-api
463 silly ADD node_modules/negotiator
464 silly ADD node_modules/multer
465 silly ADD node_modules/multer/node_modules/mkdirp
466 silly ADD node_modules/ms
467 silly ADD node_modules/moment-timezone
468 silly ADD node_modules/moment
469 silly ADD node_modules/mkdirp
470 silly ADD node_modules/minizlib
471 silly ADD node_modules/minipass-sized
472 silly ADD node_modules/minipass-pipeline
473 silly ADD node_modules/minipass-flush
474 silly ADD node_modules/minipass-fetch
475 silly ADD node_modules/minipass-collect
476 silly ADD node_modules/minipass
477 silly ADD node_modules/minimist
478 silly ADD node_modules/minimatch
479 silly ADD node_modules/mime-types
480 silly ADD node_modules/mime-db
481 silly ADD node_modules/mime
482 silly ADD node_modules/methods
483 silly ADD node_modules/merge-descriptors
484 silly ADD node_modules/media-typer
485 silly ADD node_modules/make-fetch-happen
486 silly ADD node_modules/make-dir
487 silly ADD node_modules/make-dir/node_modules/semver
488 silly ADD node_modules/lru-cache
489 silly ADD node_modules/lodash
490 silly ADD node_modules/jws
491 silly ADD node_modules/jwa
492 silly ADD node_modules/jsonwebtoken
493 silly ADD node_modules/jsonwebtoken/node_modules/ms
494 silly ADD node_modules/isexe
495 silly ADD node_modules/isarray
496 silly ADD node_modules/is-number
497 silly ADD node_modules/is-lambda
498 silly ADD node_modules/is-glob
499 silly ADD node_modules/is-fullwidth-code-point
500 silly ADD node_modules/is-extglob
501 silly ADD node_modules/is-binary-path
502 silly ADD node_modules/ipaddr.js
503 silly ADD node_modules/ip
504 silly ADD node_modules/inherits
505 silly ADD node_modules/inflight
506 silly ADD node_modules/inflection
507 silly ADD node_modules/infer-owner
508 silly ADD node_modules/indent-string
509 silly ADD node_modules/imurmurhash
510 silly ADD node_modules/ignore-by-default
511 silly ADD node_modules/iconv-lite
512 silly ADD node_modules/humanize-ms
513 silly ADD node_modules/https-proxy-agent
514 silly ADD node_modules/https-proxy-agent/node_modules/ms
515 silly ADD node_modules/https-proxy-agent/node_modules/debug
516 silly ADD node_modules/http-proxy-agent
517 silly ADD node_modules/http-proxy-agent/node_modules/ms
518 silly ADD node_modules/http-proxy-agent/node_modules/debug
519 silly ADD node_modules/http-errors
520 silly ADD node_modules/http-cache-semantics
521 silly ADD node_modules/helmet
522 silly ADD node_modules/has-unicode
523 silly ADD node_modules/has-symbols
524 silly ADD node_modules/has-flag
525 silly ADD node_modules/has
526 silly ADD node_modules/graceful-fs
527 silly ADD node_modules/glob-parent
528 silly ADD node_modules/glob
529 silly ADD node_modules/get-intrinsic
530 silly ADD node_modules/gauge
531 silly ADD node_modules/function-bind
532 silly ADD node_modules/fsevents
533 silly ADD node_modules/fs.realpath
534 silly ADD node_modules/fs-minipass
535 silly ADD node_modules/fresh
536 silly ADD node_modules/forwarded
537 silly ADD node_modules/finalhandler
538 silly ADD node_modules/fill-range
539 silly ADD node_modules/express
540 silly ADD node_modules/etag
541 silly ADD node_modules/escape-html
542 silly ADD node_modules/err-code
543 silly ADD node_modules/env-paths
544 silly ADD node_modules/encoding
545 silly ADD node_modules/encoding/node_modules/iconv-lite
546 silly ADD node_modules/encodeurl
547 silly ADD node_modules/emoji-regex
548 silly ADD node_modules/ee-first
549 silly ADD node_modules/ecdsa-sig-formatter
550 silly ADD node_modules/dottie
551 silly ADD node_modules/dotenv
552 silly ADD node_modules/dicer
553 silly ADD node_modules/dicer/node_modules/string_decoder
554 silly ADD node_modules/dicer/node_modules/readable-stream
555 silly ADD node_modules/detect-libc
556 silly ADD node_modules/destroy
557 silly ADD node_modules/depd
558 silly ADD node_modules/delegates
559 silly ADD node_modules/debug
560 silly ADD node_modules/cors
561 silly ADD node_modules/core-util-is
562 silly ADD node_modules/cookie-signature
563 silly ADD node_modules/cookie
564 silly ADD node_modules/content-type
565 silly ADD node_modules/content-disposition
566 silly ADD node_modules/console-control-strings
567 silly ADD node_modules/concat-stream
568 silly ADD node_modules/concat-stream/node_modules/string_decoder
569 silly ADD node_modules/concat-stream/node_modules/safe-buffer
570 silly ADD node_modules/concat-stream/node_modules/readable-stream
571 silly ADD node_modules/concat-stream/node_modules/isarray
572 silly ADD node_modules/concat-map
573 silly ADD node_modules/color-support
574 silly ADD node_modules/clean-stack
575 silly ADD node_modules/chownr
576 silly ADD node_modules/chokidar
577 silly ADD node_modules/call-bind
578 silly ADD node_modules/cacache
579 silly ADD node_modules/bytes
580 silly ADD node_modules/busboy
581 silly ADD node_modules/busboy/node_modules/string_decoder
582 silly ADD node_modules/busboy/node_modules/readable-stream
583 silly ADD node_modules/buffer-from
584 silly ADD node_modules/buffer-equal-constant-time
585 silly ADD node_modules/braces
586 silly ADD node_modules/brace-expansion
587 silly ADD node_modules/body-parser
588 silly ADD node_modules/binary-extensions
589 silly ADD node_modules/bcrypt
590 silly ADD node_modules/bcrypt/node_modules/node-addon-api
591 silly ADD node_modules/balanced-match
592 silly ADD node_modules/array-flatten
593 silly ADD node_modules/argparse
594 silly ADD node_modules/are-we-there-yet
595 silly ADD node_modules/aproba
596 silly ADD node_modules/append-field
597 silly ADD node_modules/anymatch
598 silly ADD node_modules/ansi-regex
599 silly ADD node_modules/aggregate-error
600 silly ADD node_modules/agentkeepalive
601 silly ADD node_modules/agentkeepalive/node_modules/ms
602 silly ADD node_modules/agentkeepalive/node_modules/depd
603 silly ADD node_modules/agentkeepalive/node_modules/debug
604 silly ADD node_modules/agent-base
605 silly ADD node_modules/agent-base/node_modules/ms
606 silly ADD node_modules/agent-base/node_modules/debug
607 silly ADD node_modules/accepts
608 silly ADD node_modules/abbrev
609 silly ADD node_modules/@types/validator
610 silly ADD node_modules/@types/node
611 silly ADD node_modules/@types/ms
612 silly ADD node_modules/@types/debug
613 silly ADD node_modules/@tootallnate/once
614 silly ADD node_modules/@npmcli/move-file
615 silly ADD node_modules/@npmcli/fs
616 silly ADD node_modules/@mapbox/node-pre-gyp
617 silly ADD node_modules/@gar/promisify
618 timing command:install Completed in 2458ms
619 verbose exit 0
620 timing npm Completed in 2487ms
621 info ok
